<?xml version="1.0" encoding="UTF-8"?>
<!-- Generated by org.testng.reporters.JUnitXMLReporter -->
<testsuite ignored="1" hostname="PP-C02FD3BKMD6M" failures="0" tests="1" name="Default test" time="15.633" errors="0" timestamp="2023-12-05T18:57:20 IST">
  <testcase classname="QualiAssignmentTestcases.RegisterAndLoginWithSameCreds" name="CheckErrorMessageswithNullFields" time="1.891"/>
  <testcase classname="QualiAssignmentTestcases.RegisterAndLoginWithSameCreds" name="RegisterWithValidCreds" time="0.0">
    <ignored/>
  </testcase> <!-- RegisterWithValidCreds -->
</testsuite> <!-- Default test -->
