<?xml version="1.0" encoding="UTF-8"?>
<!-- Generated by org.testng.reporters.JUnitXMLReporter -->
<testsuite ignored="1" hostname="PP-C02FD3BKMD6M" failures="0" tests="1" name="Default test" time="20.92" errors="0" timestamp="2023-12-05T15:37:14 IST">
  <testcase classname="QualiAssignmentTestcases.RegisterAndLoginWithSameCreds" name="RegisterWithValidCredsAndLoginWithSameCreds" time="6.802"/>
  <testcase classname="QualiAssignmentTestcases.RegisterAndLoginWithSameCreds" name="CheckErrorMessageswithNullFields" time="0.0">
    <ignored/>
  </testcase> <!-- CheckErrorMessageswithNullFields -->
</testsuite> <!-- Default test -->
