<?xml version="1.0" encoding="UTF-8"?>
<!-- Generated by org.testng.reporters.JUnitXMLReporter -->
<testsuite ignored="3" hostname="PP-C02FD3BKMD6M" failures="0" tests="3" name="Test" time="26.606" errors="0" timestamp="2023-12-05T20:22:32 IST">
  <testcase classname="QualiAssignmentTestcases.RegisterAndLoginWithSameCreds" name="CheckErrorMessageswithNullFields" time="1.726"/>
  <testcase classname="QualiAssignmentTestcases.RegisterAndLoginWithSameCreds" name="RegisterWithValidCreds" time="4.508"/>
  <testcase classname="QualiAssignmentTestcases.LoginTestCases" name="LoginWithValidCredentials" time="1.25"/>
  <testcase classname="QualiAssignmentbase.BaseAss1" name="@AfterSuite generateReports" time="0.0">
    <ignored/>
  </testcase> <!-- @AfterSuite generateReports -->
  <testcase classname="QualiAssignmentbase.BaseAss1" name="@BeforeTest getnameMethod" time="0.0">
    <ignored/>
  </testcase> <!-- @BeforeTest getnameMethod -->
  <testcase classname="QualiAssignmentbase.BaseAss1" name="@BeforeSuite InitExentReport" time="0.0">
    <ignored/>
  </testcase> <!-- @BeforeSuite InitExentReport -->
</testsuite> <!-- Test -->
