<?xml version="1.0" encoding="UTF-8"?>
<testng-results ignored="0" total="1" passed="1" failed="0" skipped="0">
  <reporter-output>
  </reporter-output>
  <suite started-at="2023-12-05T18:57:05 IST" name="Default suite" finished-at="2023-12-05T18:57:20 IST" duration-ms="15633">
    <groups>
    </groups>
    <test started-at="2023-12-05T18:57:05 IST" name="Default test" finished-at="2023-12-05T18:57:20 IST" duration-ms="15633">
      <class name="QualiAssignmentTestcases.RegisterAndLoginWithSameCreds">
        <test-method is-config="true" signature="InitExentReport()[pri:0, instance:QualiAssignmentTestcases.RegisterAndLoginWithSameCreds@f5ac9e4]" started-at="2023-12-05T18:57:04 IST" name="InitExentReport" finished-at="2023-12-05T18:57:05 IST" duration-ms="276" status="PASS">
          <reporter-output>
          </reporter-output>
        </test-method> <!-- InitExentReport -->
        <test-method is-config="true" signature="getnameMethod(org.testng.ITestContext)[pri:0, instance:QualiAssignmentTestcases.RegisterAndLoginWithSameCreds@f5ac9e4]" started-at="2023-12-05T18:57:05 IST" name="getnameMethod" finished-at="2023-12-05T18:57:05 IST" duration-ms="10" status="PASS">
          <params>
            <param index="0">
              <value>
                <![CDATA[org.testng.TestRunner@9679750]]>
              </value>
            </param>
          </params>
          <reporter-output>
          </reporter-output>
        </test-method> <!-- getnameMethod -->
        <test-method is-config="true" signature="SetUp()[pri:0, instance:QualiAssignmentTestcases.RegisterAndLoginWithSameCreds@f5ac9e4]" started-at="2023-12-05T18:57:05 IST" name="SetUp" finished-at="2023-12-05T18:57:12 IST" duration-ms="7761" status="PASS">
          <reporter-output>
          </reporter-output>
        </test-method> <!-- SetUp -->
        <test-method signature="CheckErrorMessageswithNullFields()[pri:1, instance:QualiAssignmentTestcases.RegisterAndLoginWithSameCreds@f5ac9e4]" started-at="2023-12-05T18:57:12 IST" name="CheckErrorMessageswithNullFields" finished-at="2023-12-05T18:57:14 IST" duration-ms="1891" status="PASS">
          <reporter-output>
          </reporter-output>
        </test-method> <!-- CheckErrorMessageswithNullFields -->
        <test-method is-config="true" signature="SetUp()[pri:0, instance:QualiAssignmentTestcases.RegisterAndLoginWithSameCreds@f5ac9e4]" started-at="2023-12-05T18:57:14 IST" name="SetUp" finished-at="2023-12-05T18:57:20 IST" duration-ms="5930" status="PASS">
          <reporter-output>
          </reporter-output>
        </test-method> <!-- SetUp -->
        <test-method is-config="true" signature="generateStatus(java.lang.reflect.Method,org.testng.ITestResult)[pri:0, instance:QualiAssignmentTestcases.RegisterAndLoginWithSameCreds@f5ac9e4]" started-at="2023-12-05T18:57:20 IST" name="generateStatus" finished-at="2023-12-05T18:57:20 IST" duration-ms="12" status="PASS">
          <params>
            <param index="0">
              <value>
                <![CDATA[public void QualiAssignmentTestcases.RegisterAndLoginWithSameCreds.CheckErrorMessageswithNullFields()]]>
              </value>
            </param>
            <param index="1">
              <value>
                <![CDATA[[TestResult name=CheckErrorMessageswithNullFields status=SUCCESS method=RegisterAndLoginWithSameCreds.CheckErrorMessageswithNullFields()[pri:1, instance:QualiAssignmentTestcases.RegisterAndLoginWithSameCreds@f5ac9e4] output={null}]]]>
              </value>
            </param>
          </params>
          <reporter-output>
          </reporter-output>
        </test-method> <!-- generateStatus -->
        <test-method is-config="true" signature="generateReports()[pri:0, instance:QualiAssignmentTestcases.RegisterAndLoginWithSameCreds@f5ac9e4]" started-at="2023-12-05T18:57:20 IST" name="generateReports" finished-at="2023-12-05T18:57:21 IST" duration-ms="704" status="PASS">
          <reporter-output>
          </reporter-output>
        </test-method> <!-- generateReports -->
      </class> <!-- QualiAssignmentTestcases.RegisterAndLoginWithSameCreds -->
    </test> <!-- Default test -->
  </suite> <!-- Default suite -->
</testng-results>
