<?xml version="1.0" encoding="UTF-8"?>
<testng-results ignored="0" total="1" passed="1" failed="0" skipped="0">
  <reporter-output>
  </reporter-output>
  <suite started-at="2023-12-05T15:36:53 IST" name="Default suite" finished-at="2023-12-05T15:37:14 IST" duration-ms="20920">
    <groups>
    </groups>
    <test started-at="2023-12-05T15:36:53 IST" name="Default test" finished-at="2023-12-05T15:37:14 IST" duration-ms="20920">
      <class name="QualiAssignmentTestcases.RegisterAndLoginWithSameCreds">
        <test-method is-config="true" signature="InitExentReport()[pri:0, instance:QualiAssignmentTestcases.RegisterAndLoginWithSameCreds@f5ac9e4]" started-at="2023-12-05T15:36:53 IST" name="InitExentReport" finished-at="2023-12-05T15:36:53 IST" duration-ms="202" status="PASS">
          <reporter-output>
          </reporter-output>
        </test-method> <!-- InitExentReport -->
        <test-method is-config="true" signature="getnameMethod(org.testng.ITestContext)[pri:0, instance:QualiAssignmentTestcases.RegisterAndLoginWithSameCreds@f5ac9e4]" started-at="2023-12-05T15:36:53 IST" name="getnameMethod" finished-at="2023-12-05T15:36:53 IST" duration-ms="6" status="PASS">
          <params>
            <param index="0">
              <value>
                <![CDATA[org.testng.TestRunner@37c41ec0]]>
              </value>
            </param>
          </params>
          <reporter-output>
          </reporter-output>
        </test-method> <!-- getnameMethod -->
        <test-method is-config="true" signature="SetUp()[pri:0, instance:QualiAssignmentTestcases.RegisterAndLoginWithSameCreds@f5ac9e4]" started-at="2023-12-05T15:36:53 IST" name="SetUp" finished-at="2023-12-05T15:37:01 IST" duration-ms="7551" status="PASS">
          <reporter-output>
          </reporter-output>
        </test-method> <!-- SetUp -->
        <test-method signature="RegisterWithValidCredsAndLoginWithSameCreds()[pri:2, instance:QualiAssignmentTestcases.RegisterAndLoginWithSameCreds@f5ac9e4]" started-at="2023-12-05T15:37:01 IST" name="RegisterWithValidCredsAndLoginWithSameCreds" finished-at="2023-12-05T15:37:08 IST" duration-ms="6802" status="PASS">
          <reporter-output>
          </reporter-output>
        </test-method> <!-- RegisterWithValidCredsAndLoginWithSameCreds -->
        <test-method is-config="true" signature="SetUp()[pri:0, instance:QualiAssignmentTestcases.RegisterAndLoginWithSameCreds@f5ac9e4]" started-at="2023-12-05T15:37:08 IST" name="SetUp" finished-at="2023-12-05T15:37:14 IST" duration-ms="6533" status="PASS">
          <reporter-output>
          </reporter-output>
        </test-method> <!-- SetUp -->
        <test-method is-config="true" signature="generateStatus(java.lang.reflect.Method,org.testng.ITestResult)[pri:0, instance:QualiAssignmentTestcases.RegisterAndLoginWithSameCreds@f5ac9e4]" started-at="2023-12-05T15:37:14 IST" name="generateStatus" finished-at="2023-12-05T15:37:14 IST" duration-ms="6" status="PASS">
          <params>
            <param index="0">
              <value>
                <![CDATA[public void QualiAssignmentTestcases.RegisterAndLoginWithSameCreds.RegisterWithValidCredsAndLoginWithSameCreds() throws java.lang.InterruptedException]]>
              </value>
            </param>
            <param index="1">
              <value>
                <![CDATA[[TestResult name=RegisterWithValidCredsAndLoginWithSameCreds status=SUCCESS method=RegisterAndLoginWithSameCreds.RegisterWithValidCredsAndLoginWithSameCreds()[pri:2, instance:QualiAssignmentTestcases.RegisterAndLoginWithSameCreds@f5ac9e4] output={null}]]]>
              </value>
            </param>
          </params>
          <reporter-output>
          </reporter-output>
        </test-method> <!-- generateStatus -->
        <test-method is-config="true" signature="generateReports()[pri:0, instance:QualiAssignmentTestcases.RegisterAndLoginWithSameCreds@f5ac9e4]" started-at="2023-12-05T15:37:14 IST" name="generateReports" finished-at="2023-12-05T15:37:15 IST" duration-ms="627" status="PASS">
          <reporter-output>
          </reporter-output>
        </test-method> <!-- generateReports -->
      </class> <!-- QualiAssignmentTestcases.RegisterAndLoginWithSameCreds -->
    </test> <!-- Default test -->
  </suite> <!-- Default suite -->
</testng-results>
